Analysis & Synthesis report for morse_encoder
Wed Oct 24 20:48:15 2018
Quartus Prime Version 17.0.0 Build 595 04/25/2017 SJ Lite Edition


---------------------
; Table of Contents ;
---------------------
  1. Legal Notice
  2. Analysis & Synthesis Summary
  3. Analysis & Synthesis Settings
  4. Parallel Compilation
  5. Analysis & Synthesis Source Files Read
  6. Analysis & Synthesis Resource Usage Summary
  7. Analysis & Synthesis Resource Utilization by Entity
  8. User-Specified and Inferred Latches
  9. General Register Statistics
 10. Post-Synthesis Netlist Statistics for Top Partition
 11. Elapsed Time Per Partition
 12. Analysis & Synthesis Messages



----------------
; Legal Notice ;
----------------
Copyright (C) 2017  Intel Corporation. All rights reserved.
Your use of Intel Corporation's design tools, logic functions 
and other software and tools, and its AMPP partner logic 
functions, and any output files from any of the foregoing 
(including device programming or simulation files), and any 
associated documentation or information are expressly subject 
to the terms and conditions of the Intel Program License 
Subscription Agreement, the Intel Quartus Prime License Agreement,
the Intel MegaCore Function License Agreement, or other 
applicable license agreement, including, without limitation, 
that your use is for the sole purpose of programming logic 
devices manufactured by Intel and sold by Intel or its 
authorized distributors.  Please refer to the applicable 
agreement for further details.



+----------------------------------------------------------------------------------+
; Analysis & Synthesis Summary                                                     ;
+------------------------------------+---------------------------------------------+
; Analysis & Synthesis Status        ; Successful - Wed Oct 24 20:48:14 2018       ;
; Quartus Prime Version              ; 17.0.0 Build 595 04/25/2017 SJ Lite Edition ;
; Revision Name                      ; morse_encoder                               ;
; Top-level Entity Name              ; morse_encoder                               ;
; Family                             ; Cyclone IV E                                ;
; Total logic elements               ; 10                                          ;
;     Total combinational functions  ; 10                                          ;
;     Dedicated logic registers      ; 0                                           ;
; Total registers                    ; 0                                           ;
; Total pins                         ; 45                                          ;
; Total virtual pins                 ; 0                                           ;
; Total memory bits                  ; 0                                           ;
; Embedded Multiplier 9-bit elements ; 0                                           ;
; Total PLLs                         ; 0                                           ;
+------------------------------------+---------------------------------------------+


+----------------------------------------------------------------------------------------------------------------------+
; Analysis & Synthesis Settings                                                                                        ;
+----------------------------------------------------------------------------+--------------------+--------------------+
; Option                                                                     ; Setting            ; Default Value      ;
+----------------------------------------------------------------------------+--------------------+--------------------+
; Device                                                                     ; EP4CE115F29C7      ;                    ;
; Top-level entity name                                                      ; morse_encoder      ; morse_encoder      ;
; Family name                                                                ; Cyclone IV E       ; Cyclone V          ;
; Use smart compilation                                                      ; Off                ; Off                ;
; Enable parallel Assembler and TimeQuest Timing Analyzer during compilation ; On                 ; On                 ;
; Enable compact report table                                                ; Off                ; Off                ;
; Restructure Multiplexers                                                   ; Auto               ; Auto               ;
; Create Debugging Nodes for IP Cores                                        ; Off                ; Off                ;
; Preserve fewer node names                                                  ; On                 ; On                 ;
; OpenCore Plus hardware evaluation                                          ; Enable             ; Enable             ;
; Verilog Version                                                            ; Verilog_2001       ; Verilog_2001       ;
; VHDL Version                                                               ; VHDL_1993          ; VHDL_1993          ;
; State Machine Processing                                                   ; Auto               ; Auto               ;
; Safe State Machine                                                         ; Off                ; Off                ;
; Extract Verilog State Machines                                             ; On                 ; On                 ;
; Extract VHDL State Machines                                                ; On                 ; On                 ;
; Ignore Verilog initial constructs                                          ; Off                ; Off                ;
; Iteration limit for constant Verilog loops                                 ; 5000               ; 5000               ;
; Iteration limit for non-constant Verilog loops                             ; 250                ; 250                ;
; Add Pass-Through Logic to Inferred RAMs                                    ; On                 ; On                 ;
; Infer RAMs from Raw Logic                                                  ; On                 ; On                 ;
; Parallel Synthesis                                                         ; On                 ; On                 ;
; DSP Block Balancing                                                        ; Auto               ; Auto               ;
; NOT Gate Push-Back                                                         ; On                 ; On                 ;
; Power-Up Don't Care                                                        ; On                 ; On                 ;
; Remove Redundant Logic Cells                                               ; Off                ; Off                ;
; Remove Duplicate Registers                                                 ; On                 ; On                 ;
; Ignore CARRY Buffers                                                       ; Off                ; Off                ;
; Ignore CASCADE Buffers                                                     ; Off                ; Off                ;
; Ignore GLOBAL Buffers                                                      ; Off                ; Off                ;
; Ignore ROW GLOBAL Buffers                                                  ; Off                ; Off                ;
; Ignore LCELL Buffers                                                       ; Off                ; Off                ;
; Ignore SOFT Buffers                                                        ; On                 ; On                 ;
; Limit AHDL Integers to 32 Bits                                             ; Off                ; Off                ;
; Optimization Technique                                                     ; Balanced           ; Balanced           ;
; Carry Chain Length                                                         ; 70                 ; 70                 ;
; Auto Carry Chains                                                          ; On                 ; On                 ;
; Auto Open-Drain Pins                                                       ; On                 ; On                 ;
; Perform WYSIWYG Primitive Resynthesis                                      ; Off                ; Off                ;
; Auto ROM Replacement                                                       ; On                 ; On                 ;
; Auto RAM Replacement                                                       ; On                 ; On                 ;
; Auto DSP Block Replacement                                                 ; On                 ; On                 ;
; Auto Shift Register Replacement                                            ; Auto               ; Auto               ;
; Allow Shift Register Merging across Hierarchies                            ; Auto               ; Auto               ;
; Auto Clock Enable Replacement                                              ; On                 ; On                 ;
; Strict RAM Replacement                                                     ; Off                ; Off                ;
; Allow Synchronous Control Signals                                          ; On                 ; On                 ;
; Force Use of Synchronous Clear Signals                                     ; Off                ; Off                ;
; Auto RAM Block Balancing                                                   ; On                 ; On                 ;
; Auto RAM to Logic Cell Conversion                                          ; Off                ; Off                ;
; Auto Resource Sharing                                                      ; Off                ; Off                ;
; Allow Any RAM Size For Recognition                                         ; Off                ; Off                ;
; Allow Any ROM Size For Recognition                                         ; Off                ; Off                ;
; Allow Any Shift Register Size For Recognition                              ; Off                ; Off                ;
; Use LogicLock Constraints during Resource Balancing                        ; On                 ; On                 ;
; Ignore translate_off and synthesis_off directives                          ; Off                ; Off                ;
; Timing-Driven Synthesis                                                    ; On                 ; On                 ;
; Report Parameter Settings                                                  ; On                 ; On                 ;
; Report Source Assignments                                                  ; On                 ; On                 ;
; Report Connectivity Checks                                                 ; On                 ; On                 ;
; Ignore Maximum Fan-Out Assignments                                         ; Off                ; Off                ;
; Synchronization Register Chain Length                                      ; 2                  ; 2                  ;
; PowerPlay Power Optimization During Synthesis                              ; Normal compilation ; Normal compilation ;
; HDL message level                                                          ; Level2             ; Level2             ;
; Suppress Register Optimization Related Messages                            ; Off                ; Off                ;
; Number of Removed Registers Reported in Synthesis Report                   ; 5000               ; 5000               ;
; Number of Swept Nodes Reported in Synthesis Report                         ; 5000               ; 5000               ;
; Number of Inverted Registers Reported in Synthesis Report                  ; 100                ; 100                ;
; Clock MUX Protection                                                       ; On                 ; On                 ;
; Auto Gated Clock Conversion                                                ; Off                ; Off                ;
; Block Design Naming                                                        ; Auto               ; Auto               ;
; SDC constraint protection                                                  ; Off                ; Off                ;
; Synthesis Effort                                                           ; Auto               ; Auto               ;
; Shift Register Replacement - Allow Asynchronous Clear Signal               ; On                 ; On                 ;
; Pre-Mapping Resynthesis Optimization                                       ; Off                ; Off                ;
; Analysis & Synthesis Message Level                                         ; Medium             ; Medium             ;
; Disable Register Merging Across Hierarchies                                ; Auto               ; Auto               ;
; Resource Aware Inference For Block RAM                                     ; On                 ; On                 ;
+----------------------------------------------------------------------------+--------------------+--------------------+


+------------------------------------------+
; Parallel Compilation                     ;
+----------------------------+-------------+
; Processors                 ; Number      ;
+----------------------------+-------------+
; Number detected on machine ; 8           ;
; Maximum allowed            ; 4           ;
;                            ;             ;
; Average used               ; 1.00        ;
; Maximum used               ; 1           ;
;                            ;             ;
; Usage by Processor         ; % Time Used ;
;     Processor 1            ; 100.0%      ;
+----------------------------+-------------+


+-----------------------------------------------------------------------------------------------------------------------------------------------------------------------------------------------------------+
; Analysis & Synthesis Source Files Read                                                                                                                                                                    ;
+----------------------------------+-----------------+------------------------------+-------------------------------------------------------------------------------------------------------------+---------+
; File Name with User-Entered Path ; Used in Netlist ; File Type                    ; File Name with Absolute Path                                                                                ; Library ;
+----------------------------------+-----------------+------------------------------+-------------------------------------------------------------------------------------------------------------+---------+
; morse_encoder.v                  ; yes             ; Auto-Found Verilog HDL File  ; D:/GitHub Clones/codigo-morse-verilog/Projeto para FPGA/CodeGenerated/DE2_115/morse_encoder/morse_encoder.v ;         ;
; codificador.v                    ; yes             ; Auto-Found Verilog HDL File  ; D:/GitHub Clones/codigo-morse-verilog/Projeto para FPGA/CodeGenerated/DE2_115/morse_encoder/codificador.v   ;         ;
+----------------------------------+-----------------+------------------------------+-------------------------------------------------------------------------------------------------------------+---------+


+------------------------------------------------------------+
; Analysis & Synthesis Resource Usage Summary                ;
+---------------------------------------------+--------------+
; Resource                                    ; Usage        ;
+---------------------------------------------+--------------+
; Estimated Total logic elements              ; 10           ;
;                                             ;              ;
; Total combinational functions               ; 10           ;
; Logic element usage by number of LUT inputs ;              ;
;     -- 4 input functions                    ; 7            ;
;     -- 3 input functions                    ; 3            ;
;     -- <=2 input functions                  ; 0            ;
;                                             ;              ;
; Logic elements by mode                      ;              ;
;     -- normal mode                          ; 10           ;
;     -- arithmetic mode                      ; 0            ;
;                                             ;              ;
; Total registers                             ; 0            ;
;     -- Dedicated logic registers            ; 0            ;
;     -- I/O registers                        ; 0            ;
;                                             ;              ;
; I/O pins                                    ; 45           ;
;                                             ;              ;
; Embedded Multiplier 9-bit elements          ; 0            ;
;                                             ;              ;
; Maximum fan-out node                        ; SW[16]~input ;
; Maximum fan-out                             ; 5            ;
; Total fan-out                               ; 87           ;
; Average fan-out                             ; 0.87         ;
+---------------------------------------------+--------------+


+-------------------------------------------------------------------------------------------------------------------------------------------------------------------------------------------------------------------------------------+
; Analysis & Synthesis Resource Utilization by Entity                                                                                                                                                                                 ;
+--------------------------------+---------------------+---------------------------+-------------+--------------+---------+-----------+------+--------------+------------------------------------------+---------------+--------------+
; Compilation Hierarchy Node     ; Combinational ALUTs ; Dedicated Logic Registers ; Memory Bits ; DSP Elements ; DSP 9x9 ; DSP 18x18 ; Pins ; Virtual Pins ; Full Hierarchy Name                      ; Entity Name   ; Library Name ;
+--------------------------------+---------------------+---------------------------+-------------+--------------+---------+-----------+------+--------------+------------------------------------------+---------------+--------------+
; |morse_encoder                 ; 10 (0)              ; 0 (0)                     ; 0           ; 0            ; 0       ; 0         ; 45   ; 0            ; |morse_encoder                           ; morse_encoder ; work         ;
;    |codificador:codificador_0| ; 10 (10)             ; 0 (0)                     ; 0           ; 0            ; 0       ; 0         ; 0    ; 0            ; |morse_encoder|codificador:codificador_0 ; codificador   ; work         ;
+--------------------------------+---------------------+---------------------------+-------------+--------------+---------+-----------+------+--------------+------------------------------------------+---------------+--------------+
Note: For table entries with two numbers listed, the numbers in parentheses indicate the number of resources of the given type used by the specific entity alone. The numbers listed outside of parentheses indicate the total resources of the given type used by the specific entity and all of its sub-entities in the hierarchy.


+---------------------------------------------------------------------------------------------------+
; User-Specified and Inferred Latches                                                               ;
+----------------------------------------------------+---------------------+------------------------+
; Latch Name                                         ; Latch Enable Signal ; Free of Timing Hazards ;
+----------------------------------------------------+---------------------+------------------------+
; codificador:codificador_0|s5                       ; SW[12]              ; yes                    ;
; codificador:codificador_0|s4                       ; SW[12]              ; yes                    ;
; codificador:codificador_0|s3                       ; SW[12]              ; yes                    ;
; codificador:codificador_0|s2                       ; SW[12]              ; yes                    ;
; codificador:codificador_0|s1                       ; SW[12]              ; yes                    ;
; Number of user-specified and inferred latches = 5  ;                     ;                        ;
+----------------------------------------------------+---------------------+------------------------+
Note: All latches listed above may not be present at the end of synthesis due to various synthesis optimizations.


+------------------------------------------------------+
; General Register Statistics                          ;
+----------------------------------------------+-------+
; Statistic                                    ; Value ;
+----------------------------------------------+-------+
; Total registers                              ; 0     ;
; Number of registers using Synchronous Clear  ; 0     ;
; Number of registers using Synchronous Load   ; 0     ;
; Number of registers using Asynchronous Clear ; 0     ;
; Number of registers using Asynchronous Load  ; 0     ;
; Number of registers using Clock Enable       ; 0     ;
; Number of registers using Preset             ; 0     ;
+----------------------------------------------+-------+


+-----------------------------------------------------+
; Post-Synthesis Netlist Statistics for Top Partition ;
+-----------------------+-----------------------------+
; Type                  ; Count                       ;
+-----------------------+-----------------------------+
; boundary_port         ; 45                          ;
; cycloneiii_lcell_comb ; 11                          ;
;     normal            ; 11                          ;
;         0 data inputs ; 1                           ;
;         3 data inputs ; 3                           ;
;         4 data inputs ; 7                           ;
;                       ;                             ;
; Max LUT depth         ; 2.00                        ;
; Average LUT depth     ; 1.59                        ;
+-----------------------+-----------------------------+


+-------------------------------+
; Elapsed Time Per Partition    ;
+----------------+--------------+
; Partition Name ; Elapsed Time ;
+----------------+--------------+
; Top            ; 00:00:00     ;
+----------------+--------------+


+-------------------------------+
; Analysis & Synthesis Messages ;
+-------------------------------+
Info: *******************************************************************
Info: Running Quartus Prime Analysis & Synthesis
    Info: Version 17.0.0 Build 595 04/25/2017 SJ Lite Edition
    Info: Processing started: Wed Oct 24 20:48:03 2018
Info: Command: quartus_map --read_settings_files=on --write_settings_files=off morse_encoder -c morse_encoder
Warning (18236): Number of processors has not been specified which may cause overloading on shared machines.  Set the global assignment NUM_PARALLEL_PROCESSORS in your QSF to an appropriate value for best performance.
Info (20030): Parallel compilation is enabled and will use 4 of the 4 processors detected
Warning (12125): Using design file morse_encoder.v, which is not specified as a design file for the current project, but contains definitions for 1 design units and 1 entities in project
    Info (12023): Found entity 1: morse_encoder File: D:/GitHub Clones/codigo-morse-verilog/Projeto para FPGA/CodeGenerated/DE2_115/morse_encoder/morse_encoder.v Line: 6
Info (12127): Elaborating entity "morse_encoder" for the top level hierarchy
Warning (10034): Output port "LEDG" at morse_encoder.v(26) has no driver File: D:/GitHub Clones/codigo-morse-verilog/Projeto para FPGA/CodeGenerated/DE2_115/morse_encoder/morse_encoder.v Line: 26
Warning (10034): Output port "LEDR[12..0]" at morse_encoder.v(27) has no driver File: D:/GitHub Clones/codigo-morse-verilog/Projeto para FPGA/CodeGenerated/DE2_115/morse_encoder/morse_encoder.v Line: 27
Warning (12125): Using design file codificador.v, which is not specified as a design file for the current project, but contains definitions for 1 design units and 1 entities in project
    Info (12023): Found entity 1: codificador File: D:/GitHub Clones/codigo-morse-verilog/Projeto para FPGA/CodeGenerated/DE2_115/morse_encoder/codificador.v Line: 1
Info (12128): Elaborating entity "codificador" for hierarchy "codificador:codificador_0" File: D:/GitHub Clones/codigo-morse-verilog/Projeto para FPGA/CodeGenerated/DE2_115/morse_encoder/morse_encoder.v Line: 38
Warning (10240): Verilog HDL Always Construct warning at codificador.v(7): inferring latch(es) for variable "s1", which holds its previous value in one or more paths through the always construct File: D:/GitHub Clones/codigo-morse-verilog/Projeto para FPGA/CodeGenerated/DE2_115/morse_encoder/codificador.v Line: 7
Warning (10240): Verilog HDL Always Construct warning at codificador.v(7): inferring latch(es) for variable "s2", which holds its previous value in one or more paths through the always construct File: D:/GitHub Clones/codigo-morse-verilog/Projeto para FPGA/CodeGenerated/DE2_115/morse_encoder/codificador.v Line: 7
Warning (10240): Verilog HDL Always Construct warning at codificador.v(7): inferring latch(es) for variable "s3", which holds its previous value in one or more paths through the always construct File: D:/GitHub Clones/codigo-morse-verilog/Projeto para FPGA/CodeGenerated/DE2_115/morse_encoder/codificador.v Line: 7
Warning (10240): Verilog HDL Always Construct warning at codificador.v(7): inferring latch(es) for variable "s4", which holds its previous value in one or more paths through the always construct File: D:/GitHub Clones/codigo-morse-verilog/Projeto para FPGA/CodeGenerated/DE2_115/morse_encoder/codificador.v Line: 7
Warning (10240): Verilog HDL Always Construct warning at codificador.v(7): inferring latch(es) for variable "s5", which holds its previous value in one or more paths through the always construct File: D:/GitHub Clones/codigo-morse-verilog/Projeto para FPGA/CodeGenerated/DE2_115/morse_encoder/codificador.v Line: 7
Info (10041): Inferred latch for "s5" at codificador.v(14) File: D:/GitHub Clones/codigo-morse-verilog/Projeto para FPGA/CodeGenerated/DE2_115/morse_encoder/codificador.v Line: 14
Info (10041): Inferred latch for "s4" at codificador.v(14) File: D:/GitHub Clones/codigo-morse-verilog/Projeto para FPGA/CodeGenerated/DE2_115/morse_encoder/codificador.v Line: 14
Info (10041): Inferred latch for "s3" at codificador.v(14) File: D:/GitHub Clones/codigo-morse-verilog/Projeto para FPGA/CodeGenerated/DE2_115/morse_encoder/codificador.v Line: 14
Info (10041): Inferred latch for "s2" at codificador.v(14) File: D:/GitHub Clones/codigo-morse-verilog/Projeto para FPGA/CodeGenerated/DE2_115/morse_encoder/codificador.v Line: 14
Info (10041): Inferred latch for "s1" at codificador.v(14) File: D:/GitHub Clones/codigo-morse-verilog/Projeto para FPGA/CodeGenerated/DE2_115/morse_encoder/codificador.v Line: 14
Warning (13024): Output pins are stuck at VCC or GND
    Warning (13410): Pin "LEDG[0]" is stuck at GND File: D:/GitHub Clones/codigo-morse-verilog/Projeto para FPGA/CodeGenerated/DE2_115/morse_encoder/morse_encoder.v Line: 26
    Warning (13410): Pin "LEDG[1]" is stuck at GND File: D:/GitHub Clones/codigo-morse-verilog/Projeto para FPGA/CodeGenerated/DE2_115/morse_encoder/morse_encoder.v Line: 26
    Warning (13410): Pin "LEDG[2]" is stuck at GND File: D:/GitHub Clones/codigo-morse-verilog/Projeto para FPGA/CodeGenerated/DE2_115/morse_encoder/morse_encoder.v Line: 26
    Warning (13410): Pin "LEDG[3]" is stuck at GND File: D:/GitHub Clones/codigo-morse-verilog/Projeto para FPGA/CodeGenerated/DE2_115/morse_encoder/morse_encoder.v Line: 26
    Warning (13410): Pin "LEDG[4]" is stuck at GND File: D:/GitHub Clones/codigo-morse-verilog/Projeto para FPGA/CodeGenerated/DE2_115/morse_encoder/morse_encoder.v Line: 26
    Warning (13410): Pin "LEDG[5]" is stuck at GND File: D:/GitHub Clones/codigo-morse-verilog/Projeto para FPGA/CodeGenerated/DE2_115/morse_encoder/morse_encoder.v Line: 26
    Warning (13410): Pin "LEDG[6]" is stuck at GND File: D:/GitHub Clones/codigo-morse-verilog/Projeto para FPGA/CodeGenerated/DE2_115/morse_encoder/morse_encoder.v Line: 26
    Warning (13410): Pin "LEDG[7]" is stuck at GND File: D:/GitHub Clones/codigo-morse-verilog/Projeto para FPGA/CodeGenerated/DE2_115/morse_encoder/morse_encoder.v Line: 26
    Warning (13410): Pin "LEDG[8]" is stuck at GND File: D:/GitHub Clones/codigo-morse-verilog/Projeto para FPGA/CodeGenerated/DE2_115/morse_encoder/morse_encoder.v Line: 26
    Warning (13410): Pin "LEDR[0]" is stuck at GND File: D:/GitHub Clones/codigo-morse-verilog/Projeto para FPGA/CodeGenerated/DE2_115/morse_encoder/morse_encoder.v Line: 27
    Warning (13410): Pin "LEDR[1]" is stuck at GND File: D:/GitHub Clones/codigo-morse-verilog/Projeto para FPGA/CodeGenerated/DE2_115/morse_encoder/morse_encoder.v Line: 27
    Warning (13410): Pin "LEDR[2]" is stuck at GND File: D:/GitHub Clones/codigo-morse-verilog/Projeto para FPGA/CodeGenerated/DE2_115/morse_encoder/morse_encoder.v Line: 27
    Warning (13410): Pin "LEDR[3]" is stuck at GND File: D:/GitHub Clones/codigo-morse-verilog/Projeto para FPGA/CodeGenerated/DE2_115/morse_encoder/morse_encoder.v Line: 27
    Warning (13410): Pin "LEDR[4]" is stuck at GND File: D:/GitHub Clones/codigo-morse-verilog/Projeto para FPGA/CodeGenerated/DE2_115/morse_encoder/morse_encoder.v Line: 27
    Warning (13410): Pin "LEDR[5]" is stuck at GND File: D:/GitHub Clones/codigo-morse-verilog/Projeto para FPGA/CodeGenerated/DE2_115/morse_encoder/morse_encoder.v Line: 27
    Warning (13410): Pin "LEDR[6]" is stuck at GND File: D:/GitHub Clones/codigo-morse-verilog/Projeto para FPGA/CodeGenerated/DE2_115/morse_encoder/morse_encoder.v Line: 27
    Warning (13410): Pin "LEDR[7]" is stuck at GND File: D:/GitHub Clones/codigo-morse-verilog/Projeto para FPGA/CodeGenerated/DE2_115/morse_encoder/morse_encoder.v Line: 27
    Warning (13410): Pin "LEDR[8]" is stuck at GND File: D:/GitHub Clones/codigo-morse-verilog/Projeto para FPGA/CodeGenerated/DE2_115/morse_encoder/morse_encoder.v Line: 27
    Warning (13410): Pin "LEDR[9]" is stuck at GND File: D:/GitHub Clones/codigo-morse-verilog/Projeto para FPGA/CodeGenerated/DE2_115/morse_encoder/morse_encoder.v Line: 27
    Warning (13410): Pin "LEDR[10]" is stuck at GND File: D:/GitHub Clones/codigo-morse-verilog/Projeto para FPGA/CodeGenerated/DE2_115/morse_encoder/morse_encoder.v Line: 27
    Warning (13410): Pin "LEDR[11]" is stuck at GND File: D:/GitHub Clones/codigo-morse-verilog/Projeto para FPGA/CodeGenerated/DE2_115/morse_encoder/morse_encoder.v Line: 27
    Warning (13410): Pin "LEDR[12]" is stuck at GND File: D:/GitHub Clones/codigo-morse-verilog/Projeto para FPGA/CodeGenerated/DE2_115/morse_encoder/morse_encoder.v Line: 27
Info (286030): Timing-Driven Synthesis is running
Info (16010): Generating hard_block partition "hard_block:auto_generated_inst"
    Info (16011): Adding 0 node(s), including 0 DDIO, 0 PLL, 0 transceiver and 0 LCELL
Warning (21074): Design contains 12 input pin(s) that do not drive logic
    Warning (15610): No output dependent on input pin "SW[0]" File: D:/GitHub Clones/codigo-morse-verilog/Projeto para FPGA/CodeGenerated/DE2_115/morse_encoder/morse_encoder.v Line: 30
    Warning (15610): No output dependent on input pin "SW[1]" File: D:/GitHub Clones/codigo-morse-verilog/Projeto para FPGA/CodeGenerated/DE2_115/morse_encoder/morse_encoder.v Line: 30
    Warning (15610): No output dependent on input pin "SW[2]" File: D:/GitHub Clones/codigo-morse-verilog/Projeto para FPGA/CodeGenerated/DE2_115/morse_encoder/morse_encoder.v Line: 30
    Warning (15610): No output dependent on input pin "SW[3]" File: D:/GitHub Clones/codigo-morse-verilog/Projeto para FPGA/CodeGenerated/DE2_115/morse_encoder/morse_encoder.v Line: 30
    Warning (15610): No output dependent on input pin "SW[4]" File: D:/GitHub Clones/codigo-morse-verilog/Projeto para FPGA/CodeGenerated/DE2_115/morse_encoder/morse_encoder.v Line: 30
    Warning (15610): No output dependent on input pin "SW[5]" File: D:/GitHub Clones/codigo-morse-verilog/Projeto para FPGA/CodeGenerated/DE2_115/morse_encoder/morse_encoder.v Line: 30
    Warning (15610): No output dependent on input pin "SW[6]" File: D:/GitHub Clones/codigo-morse-verilog/Projeto para FPGA/CodeGenerated/DE2_115/morse_encoder/morse_encoder.v Line: 30
    Warning (15610): No output dependent on input pin "SW[7]" File: D:/GitHub Clones/codigo-morse-verilog/Projeto para FPGA/CodeGenerated/DE2_115/morse_encoder/morse_encoder.v Line: 30
    Warning (15610): No output dependent on input pin "SW[8]" File: D:/GitHub Clones/codigo-morse-verilog/Projeto para FPGA/CodeGenerated/DE2_115/morse_encoder/morse_encoder.v Line: 30
    Warning (15610): No output dependent on input pin "SW[9]" File: D:/GitHub Clones/codigo-morse-verilog/Projeto para FPGA/CodeGenerated/DE2_115/morse_encoder/morse_encoder.v Line: 30
    Warning (15610): No output dependent on input pin "SW[10]" File: D:/GitHub Clones/codigo-morse-verilog/Projeto para FPGA/CodeGenerated/DE2_115/morse_encoder/morse_encoder.v Line: 30
    Warning (15610): No output dependent on input pin "SW[11]" File: D:/GitHub Clones/codigo-morse-verilog/Projeto para FPGA/CodeGenerated/DE2_115/morse_encoder/morse_encoder.v Line: 30
Info (21057): Implemented 55 device resources after synthesis - the final resource count might be different
    Info (21058): Implemented 18 input pins
    Info (21059): Implemented 27 output pins
    Info (21061): Implemented 10 logic cells
Info: Quartus Prime Analysis & Synthesis was successful. 0 errors, 46 warnings
    Info: Peak virtual memory: 605 megabytes
    Info: Processing ended: Wed Oct 24 20:48:15 2018
    Info: Elapsed time: 00:00:12
    Info: Total CPU time (on all processors): 00:00:27


